<?xml version="1.0" encoding="UTF-8"?>
<testsuite xmlns:xsi="http://www.w3.org/2001/XMLSchema-instance" xsi:noNamespaceSchemaLocation="https://maven.apache.org/surefire/maven-surefire-plugin/xsd/surefire-test-report.xsd" version="3.0.1" name="VagaCerta.VagaCerta.AppTest" time="0.058" tests="1" errors="0" skipped="0" failures="0">
  <properties>
    <property name="java.specification.version" value="24"/>
    <property name="sun.cpu.isalist" value="amd64"/>
    <property name="sun.jnu.encoding" value="Cp1252"/>
    <property name="java.class.path" value="C:\Users\jeanl\git\Vaga-Certa\VagaCerta\target\test-classes;C:\Users\jeanl\git\Vaga-Certa\VagaCerta\target\classes;C:\Users\jeanl\.m2\repository\org\junit\jupiter\junit-jupiter-api\5.11.0\junit-jupiter-api-5.11.0.jar;C:\Users\jeanl\.m2\repository\org\opentest4j\opentest4j\1.3.0\opentest4j-1.3.0.jar;C:\Users\jeanl\.m2\repository\org\junit\platform\junit-platform-commons\1.11.0\junit-platform-commons-1.11.0.jar;C:\Users\jeanl\.m2\repository\org\apiguardian\apiguardian-api\1.1.2\apiguardian-api-1.1.2.jar;C:\Users\jeanl\.m2\repository\org\junit\jupiter\junit-jupiter-params\5.11.0\junit-jupiter-params-5.11.0.jar;C:\Users\jeanl\.m2\repository\org\postgresql\postgresql\42.7.5\postgresql-42.7.5.jar;C:\Users\jeanl\.m2\repository\org\checkerframework\checker-qual\3.48.3\checker-qual-3.48.3.jar;C:\Users\jeanl\.m2\repository\com\sparkjava\spark-core\2.9.4\spark-core-2.9.4.jar;C:\Users\jeanl\.m2\repository\org\eclipse\jetty\jetty-server\9.4.48.v20220622\jetty-server-9.4.48.v20220622.jar;C:\Users\jeanl\.m2\repository\javax\servlet\javax.servlet-api\3.1.0\javax.servlet-api-3.1.0.jar;C:\Users\jeanl\.m2\repository\org\eclipse\jetty\jetty-http\9.4.48.v20220622\jetty-http-9.4.48.v20220622.jar;C:\Users\jeanl\.m2\repository\org\eclipse\jetty\jetty-util\9.4.48.v20220622\jetty-util-9.4.48.v20220622.jar;C:\Users\jeanl\.m2\repository\org\eclipse\jetty\jetty-io\9.4.48.v20220622\jetty-io-9.4.48.v20220622.jar;C:\Users\jeanl\.m2\repository\org\eclipse\jetty\jetty-webapp\9.4.48.v20220622\jetty-webapp-9.4.48.v20220622.jar;C:\Users\jeanl\.m2\repository\org\eclipse\jetty\jetty-xml\9.4.48.v20220622\jetty-xml-9.4.48.v20220622.jar;C:\Users\jeanl\.m2\repository\org\eclipse\jetty\jetty-servlet\9.4.48.v20220622\jetty-servlet-9.4.48.v20220622.jar;C:\Users\jeanl\.m2\repository\org\eclipse\jetty\jetty-security\9.4.48.v20220622\jetty-security-9.4.48.v20220622.jar;C:\Users\jeanl\.m2\repository\org\eclipse\jetty\jetty-util-ajax\9.4.48.v20220622\jetty-util-ajax-9.4.48.v20220622.jar;C:\Users\jeanl\.m2\repository\org\eclipse\jetty\websocket\websocket-server\9.4.48.v20220622\websocket-server-9.4.48.v20220622.jar;C:\Users\jeanl\.m2\repository\org\eclipse\jetty\websocket\websocket-common\9.4.48.v20220622\websocket-common-9.4.48.v20220622.jar;C:\Users\jeanl\.m2\repository\org\eclipse\jetty\websocket\websocket-client\9.4.48.v20220622\websocket-client-9.4.48.v20220622.jar;C:\Users\jeanl\.m2\repository\org\eclipse\jetty\jetty-client\9.4.48.v20220622\jetty-client-9.4.48.v20220622.jar;C:\Users\jeanl\.m2\repository\org\eclipse\jetty\websocket\websocket-servlet\9.4.48.v20220622\websocket-servlet-9.4.48.v20220622.jar;C:\Users\jeanl\.m2\repository\org\eclipse\jetty\websocket\websocket-api\9.4.48.v20220622\websocket-api-9.4.48.v20220622.jar;C:\Users\jeanl\.m2\repository\org\slf4j\slf4j-api\2.0.17\slf4j-api-2.0.17.jar;C:\Users\jeanl\.m2\repository\com\azure\azure-ai-vision-imageanalysis\1.0.0-beta.2\azure-ai-vision-imageanalysis-1.0.0-beta.2.jar;C:\Users\jeanl\.m2\repository\com\azure\azure-core-http-netty\1.14.0\azure-core-http-netty-1.14.0.jar;C:\Users\jeanl\.m2\repository\io\netty\netty-handler\4.1.101.Final\netty-handler-4.1.101.Final.jar;C:\Users\jeanl\.m2\repository\io\netty\netty-resolver\4.1.101.Final\netty-resolver-4.1.101.Final.jar;C:\Users\jeanl\.m2\repository\io\netty\netty-transport\4.1.101.Final\netty-transport-4.1.101.Final.jar;C:\Users\jeanl\.m2\repository\io\netty\netty-handler-proxy\4.1.101.Final\netty-handler-proxy-4.1.101.Final.jar;C:\Users\jeanl\.m2\repository\io\netty\netty-codec-socks\4.1.101.Final\netty-codec-socks-4.1.101.Final.jar;C:\Users\jeanl\.m2\repository\io\netty\netty-buffer\4.1.101.Final\netty-buffer-4.1.101.Final.jar;C:\Users\jeanl\.m2\repository\io\netty\netty-codec\4.1.101.Final\netty-codec-4.1.101.Final.jar;C:\Users\jeanl\.m2\repository\io\netty\netty-codec-http\4.1.101.Final\netty-codec-http-4.1.101.Final.jar;C:\Users\jeanl\.m2\repository\io\netty\netty-codec-http2\4.1.101.Final\netty-codec-http2-4.1.101.Final.jar;C:\Users\jeanl\.m2\repository\io\netty\netty-transport-native-unix-common\4.1.101.Final\netty-transport-native-unix-common-4.1.101.Final.jar;C:\Users\jeanl\.m2\repository\io\netty\netty-transport-native-epoll\4.1.101.Final\netty-transport-native-epoll-4.1.101.Final-linux-x86_64.jar;C:\Users\jeanl\.m2\repository\io\netty\netty-transport-classes-epoll\4.1.101.Final\netty-transport-classes-epoll-4.1.101.Final.jar;C:\Users\jeanl\.m2\repository\io\netty\netty-transport-native-kqueue\4.1.101.Final\netty-transport-native-kqueue-4.1.101.Final-osx-x86_64.jar;C:\Users\jeanl\.m2\repository\io\netty\netty-transport-classes-kqueue\4.1.101.Final\netty-transport-classes-kqueue-4.1.101.Final.jar;C:\Users\jeanl\.m2\repository\io\netty\netty-tcnative-boringssl-static\2.0.62.Final\netty-tcnative-boringssl-static-2.0.62.Final.jar;C:\Users\jeanl\.m2\repository\io\netty\netty-tcnative-classes\2.0.62.Final\netty-tcnative-classes-2.0.62.Final.jar;C:\Users\jeanl\.m2\repository\io\netty\netty-tcnative-boringssl-static\2.0.62.Final\netty-tcnative-boringssl-static-2.0.62.Final-linux-x86_64.jar;C:\Users\jeanl\.m2\repository\io\netty\netty-tcnative-boringssl-static\2.0.62.Final\netty-tcnative-boringssl-static-2.0.62.Final-linux-aarch_64.jar;C:\Users\jeanl\.m2\repository\io\netty\netty-tcnative-boringssl-static\2.0.62.Final\netty-tcnative-boringssl-static-2.0.62.Final-osx-x86_64.jar;C:\Users\jeanl\.m2\repository\io\netty\netty-tcnative-boringssl-static\2.0.62.Final\netty-tcnative-boringssl-static-2.0.62.Final-osx-aarch_64.jar;C:\Users\jeanl\.m2\repository\io\netty\netty-tcnative-boringssl-static\2.0.62.Final\netty-tcnative-boringssl-static-2.0.62.Final-windows-x86_64.jar;C:\Users\jeanl\.m2\repository\io\projectreactor\netty\reactor-netty-http\1.0.40\reactor-netty-http-1.0.40.jar;C:\Users\jeanl\.m2\repository\io\netty\netty-resolver-dns\4.1.101.Final\netty-resolver-dns-4.1.101.Final.jar;C:\Users\jeanl\.m2\repository\io\netty\netty-codec-dns\4.1.101.Final\netty-codec-dns-4.1.101.Final.jar;C:\Users\jeanl\.m2\repository\io\netty\netty-resolver-dns-native-macos\4.1.101.Final\netty-resolver-dns-native-macos-4.1.101.Final-osx-x86_64.jar;C:\Users\jeanl\.m2\repository\io\netty\netty-resolver-dns-classes-macos\4.1.101.Final\netty-resolver-dns-classes-macos-4.1.101.Final.jar;C:\Users\jeanl\.m2\repository\io\projectreactor\netty\reactor-netty-core\1.0.40\reactor-netty-core-1.0.40.jar;C:\Users\jeanl\.m2\repository\io\netty\netty-common\4.1.101.Final\netty-common-4.1.101.Final.jar;C:\Users\jeanl\.m2\repository\org\slf4j\slf4j-nop\1.7.36\slf4j-nop-1.7.36.jar;C:\Users\jeanl\.m2\repository\com\azure\azure-core\1.49.0\azure-core-1.49.0.jar;C:\Users\jeanl\.m2\repository\com\azure\azure-json\1.1.0\azure-json-1.1.0.jar;C:\Users\jeanl\.m2\repository\com\azure\azure-xml\1.0.0\azure-xml-1.0.0.jar;C:\Users\jeanl\.m2\repository\com\fasterxml\jackson\core\jackson-annotations\2.13.5\jackson-annotations-2.13.5.jar;C:\Users\jeanl\.m2\repository\com\fasterxml\jackson\core\jackson-core\2.13.5\jackson-core-2.13.5.jar;C:\Users\jeanl\.m2\repository\com\fasterxml\jackson\core\jackson-databind\2.13.5\jackson-databind-2.13.5.jar;C:\Users\jeanl\.m2\repository\com\fasterxml\jackson\datatype\jackson-datatype-jsr310\2.13.5\jackson-datatype-jsr310-2.13.5.jar;C:\Users\jeanl\.m2\repository\io\projectreactor\reactor-core\3.4.36\reactor-core-3.4.36.jar;C:\Users\jeanl\.m2\repository\org\reactivestreams\reactive-streams\1.0.4\reactive-streams-1.0.4.jar;C:\Users\jeanl\.m2\repository\ch\qos\logback\logback-classic\1.4.5\logback-classic-1.4.5.jar;C:\Users\jeanl\.m2\repository\ch\qos\logback\logback-core\1.4.5\logback-core-1.4.5.jar;C:\Users\jeanl\.m2\repository\com\google\code\gson\gson\2.10.1\gson-2.10.1.jar;"/>
    <property name="java.vm.vendor" value="Oracle Corporation"/>
    <property name="sun.arch.data.model" value="64"/>
    <property name="user.variant" value=""/>
    <property name="java.vendor.url" value="https://java.oracle.com/"/>
    <property name="user.timezone" value="America/Sao_Paulo"/>
    <property name="os.name" value="Windows 11"/>
    <property name="java.vm.specification.version" value="24"/>
    <property name="sun.java.launcher" value="SUN_STANDARD"/>
    <property name="user.country" value="GB"/>
    <property name="sun.boot.library.path" value="C:\Program Files\Java\jdk-24\bin"/>
    <property name="sun.java.command" value="C:\Users\jeanl\AppData\Local\Temp\surefire10344975719660274469\surefirebooter-20250612235636782_3.jar C:\Users\jeanl\AppData\Local\Temp\surefire10344975719660274469 2025-06-12T23-56-36_613-jvmRun1 surefire-20250612235636782_1tmp surefire_0-20250612235636782_2tmp"/>
    <property name="jdk.debug" value="release"/>
    <property name="surefire.test.class.path" value="C:\Users\jeanl\git\Vaga-Certa\VagaCerta\target\test-classes;C:\Users\jeanl\git\Vaga-Certa\VagaCerta\target\classes;C:\Users\jeanl\.m2\repository\org\junit\jupiter\junit-jupiter-api\5.11.0\junit-jupiter-api-5.11.0.jar;C:\Users\jeanl\.m2\repository\org\opentest4j\opentest4j\1.3.0\opentest4j-1.3.0.jar;C:\Users\jeanl\.m2\repository\org\junit\platform\junit-platform-commons\1.11.0\junit-platform-commons-1.11.0.jar;C:\Users\jeanl\.m2\repository\org\apiguardian\apiguardian-api\1.1.2\apiguardian-api-1.1.2.jar;C:\Users\jeanl\.m2\repository\org\junit\jupiter\junit-jupiter-params\5.11.0\junit-jupiter-params-5.11.0.jar;C:\Users\jeanl\.m2\repository\org\postgresql\postgresql\42.7.5\postgresql-42.7.5.jar;C:\Users\jeanl\.m2\repository\org\checkerframework\checker-qual\3.48.3\checker-qual-3.48.3.jar;C:\Users\jeanl\.m2\repository\com\sparkjava\spark-core\2.9.4\spark-core-2.9.4.jar;C:\Users\jeanl\.m2\repository\org\eclipse\jetty\jetty-server\9.4.48.v20220622\jetty-server-9.4.48.v20220622.jar;C:\Users\jeanl\.m2\repository\javax\servlet\javax.servlet-api\3.1.0\javax.servlet-api-3.1.0.jar;C:\Users\jeanl\.m2\repository\org\eclipse\jetty\jetty-http\9.4.48.v20220622\jetty-http-9.4.48.v20220622.jar;C:\Users\jeanl\.m2\repository\org\eclipse\jetty\jetty-util\9.4.48.v20220622\jetty-util-9.4.48.v20220622.jar;C:\Users\jeanl\.m2\repository\org\eclipse\jetty\jetty-io\9.4.48.v20220622\jetty-io-9.4.48.v20220622.jar;C:\Users\jeanl\.m2\repository\org\eclipse\jetty\jetty-webapp\9.4.48.v20220622\jetty-webapp-9.4.48.v20220622.jar;C:\Users\jeanl\.m2\repository\org\eclipse\jetty\jetty-xml\9.4.48.v20220622\jetty-xml-9.4.48.v20220622.jar;C:\Users\jeanl\.m2\repository\org\eclipse\jetty\jetty-servlet\9.4.48.v20220622\jetty-servlet-9.4.48.v20220622.jar;C:\Users\jeanl\.m2\repository\org\eclipse\jetty\jetty-security\9.4.48.v20220622\jetty-security-9.4.48.v20220622.jar;C:\Users\jeanl\.m2\repository\org\eclipse\jetty\jetty-util-ajax\9.4.48.v20220622\jetty-util-ajax-9.4.48.v20220622.jar;C:\Users\jeanl\.m2\repository\org\eclipse\jetty\websocket\websocket-server\9.4.48.v20220622\websocket-server-9.4.48.v20220622.jar;C:\Users\jeanl\.m2\repository\org\eclipse\jetty\websocket\websocket-common\9.4.48.v20220622\websocket-common-9.4.48.v20220622.jar;C:\Users\jeanl\.m2\repository\org\eclipse\jetty\websocket\websocket-client\9.4.48.v20220622\websocket-client-9.4.48.v20220622.jar;C:\Users\jeanl\.m2\repository\org\eclipse\jetty\jetty-client\9.4.48.v20220622\jetty-client-9.4.48.v20220622.jar;C:\Users\jeanl\.m2\repository\org\eclipse\jetty\websocket\websocket-servlet\9.4.48.v20220622\websocket-servlet-9.4.48.v20220622.jar;C:\Users\jeanl\.m2\repository\org\eclipse\jetty\websocket\websocket-api\9.4.48.v20220622\websocket-api-9.4.48.v20220622.jar;C:\Users\jeanl\.m2\repository\org\slf4j\slf4j-api\2.0.17\slf4j-api-2.0.17.jar;C:\Users\jeanl\.m2\repository\com\azure\azure-ai-vision-imageanalysis\1.0.0-beta.2\azure-ai-vision-imageanalysis-1.0.0-beta.2.jar;C:\Users\jeanl\.m2\repository\com\azure\azure-core-http-netty\1.14.0\azure-core-http-netty-1.14.0.jar;C:\Users\jeanl\.m2\repository\io\netty\netty-handler\4.1.101.Final\netty-handler-4.1.101.Final.jar;C:\Users\jeanl\.m2\repository\io\netty\netty-resolver\4.1.101.Final\netty-resolver-4.1.101.Final.jar;C:\Users\jeanl\.m2\repository\io\netty\netty-transport\4.1.101.Final\netty-transport-4.1.101.Final.jar;C:\Users\jeanl\.m2\repository\io\netty\netty-handler-proxy\4.1.101.Final\netty-handler-proxy-4.1.101.Final.jar;C:\Users\jeanl\.m2\repository\io\netty\netty-codec-socks\4.1.101.Final\netty-codec-socks-4.1.101.Final.jar;C:\Users\jeanl\.m2\repository\io\netty\netty-buffer\4.1.101.Final\netty-buffer-4.1.101.Final.jar;C:\Users\jeanl\.m2\repository\io\netty\netty-codec\4.1.101.Final\netty-codec-4.1.101.Final.jar;C:\Users\jeanl\.m2\repository\io\netty\netty-codec-http\4.1.101.Final\netty-codec-http-4.1.101.Final.jar;C:\Users\jeanl\.m2\repository\io\netty\netty-codec-http2\4.1.101.Final\netty-codec-http2-4.1.101.Final.jar;C:\Users\jeanl\.m2\repository\io\netty\netty-transport-native-unix-common\4.1.101.Final\netty-transport-native-unix-common-4.1.101.Final.jar;C:\Users\jeanl\.m2\repository\io\netty\netty-transport-native-epoll\4.1.101.Final\netty-transport-native-epoll-4.1.101.Final-linux-x86_64.jar;C:\Users\jeanl\.m2\repository\io\netty\netty-transport-classes-epoll\4.1.101.Final\netty-transport-classes-epoll-4.1.101.Final.jar;C:\Users\jeanl\.m2\repository\io\netty\netty-transport-native-kqueue\4.1.101.Final\netty-transport-native-kqueue-4.1.101.Final-osx-x86_64.jar;C:\Users\jeanl\.m2\repository\io\netty\netty-transport-classes-kqueue\4.1.101.Final\netty-transport-classes-kqueue-4.1.101.Final.jar;C:\Users\jeanl\.m2\repository\io\netty\netty-tcnative-boringssl-static\2.0.62.Final\netty-tcnative-boringssl-static-2.0.62.Final.jar;C:\Users\jeanl\.m2\repository\io\netty\netty-tcnative-classes\2.0.62.Final\netty-tcnative-classes-2.0.62.Final.jar;C:\Users\jeanl\.m2\repository\io\netty\netty-tcnative-boringssl-static\2.0.62.Final\netty-tcnative-boringssl-static-2.0.62.Final-linux-x86_64.jar;C:\Users\jeanl\.m2\repository\io\netty\netty-tcnative-boringssl-static\2.0.62.Final\netty-tcnative-boringssl-static-2.0.62.Final-linux-aarch_64.jar;C:\Users\jeanl\.m2\repository\io\netty\netty-tcnative-boringssl-static\2.0.62.Final\netty-tcnative-boringssl-static-2.0.62.Final-osx-x86_64.jar;C:\Users\jeanl\.m2\repository\io\netty\netty-tcnative-boringssl-static\2.0.62.Final\netty-tcnative-boringssl-static-2.0.62.Final-osx-aarch_64.jar;C:\Users\jeanl\.m2\repository\io\netty\netty-tcnative-boringssl-static\2.0.62.Final\netty-tcnative-boringssl-static-2.0.62.Final-windows-x86_64.jar;C:\Users\jeanl\.m2\repository\io\projectreactor\netty\reactor-netty-http\1.0.40\reactor-netty-http-1.0.40.jar;C:\Users\jeanl\.m2\repository\io\netty\netty-resolver-dns\4.1.101.Final\netty-resolver-dns-4.1.101.Final.jar;C:\Users\jeanl\.m2\repository\io\netty\netty-codec-dns\4.1.101.Final\netty-codec-dns-4.1.101.Final.jar;C:\Users\jeanl\.m2\repository\io\netty\netty-resolver-dns-native-macos\4.1.101.Final\netty-resolver-dns-native-macos-4.1.101.Final-osx-x86_64.jar;C:\Users\jeanl\.m2\repository\io\netty\netty-resolver-dns-classes-macos\4.1.101.Final\netty-resolver-dns-classes-macos-4.1.101.Final.jar;C:\Users\jeanl\.m2\repository\io\projectreactor\netty\reactor-netty-core\1.0.40\reactor-netty-core-1.0.40.jar;C:\Users\jeanl\.m2\repository\io\netty\netty-common\4.1.101.Final\netty-common-4.1.101.Final.jar;C:\Users\jeanl\.m2\repository\org\slf4j\slf4j-nop\1.7.36\slf4j-nop-1.7.36.jar;C:\Users\jeanl\.m2\repository\com\azure\azure-core\1.49.0\azure-core-1.49.0.jar;C:\Users\jeanl\.m2\repository\com\azure\azure-json\1.1.0\azure-json-1.1.0.jar;C:\Users\jeanl\.m2\repository\com\azure\azure-xml\1.0.0\azure-xml-1.0.0.jar;C:\Users\jeanl\.m2\repository\com\fasterxml\jackson\core\jackson-annotations\2.13.5\jackson-annotations-2.13.5.jar;C:\Users\jeanl\.m2\repository\com\fasterxml\jackson\core\jackson-core\2.13.5\jackson-core-2.13.5.jar;C:\Users\jeanl\.m2\repository\com\fasterxml\jackson\core\jackson-databind\2.13.5\jackson-databind-2.13.5.jar;C:\Users\jeanl\.m2\repository\com\fasterxml\jackson\datatype\jackson-datatype-jsr310\2.13.5\jackson-datatype-jsr310-2.13.5.jar;C:\Users\jeanl\.m2\repository\io\projectreactor\reactor-core\3.4.36\reactor-core-3.4.36.jar;C:\Users\jeanl\.m2\repository\org\reactivestreams\reactive-streams\1.0.4\reactive-streams-1.0.4.jar;C:\Users\jeanl\.m2\repository\ch\qos\logback\logback-classic\1.4.5\logback-classic-1.4.5.jar;C:\Users\jeanl\.m2\repository\ch\qos\logback\logback-core\1.4.5\logback-core-1.4.5.jar;C:\Users\jeanl\.m2\repository\com\google\code\gson\gson\2.10.1\gson-2.10.1.jar;"/>
    <property name="sun.cpu.endian" value="little"/>
    <property name="user.home" value="C:\Users\jeanl"/>
    <property name="user.language" value="en"/>
    <property name="java.specification.vendor" value="Oracle Corporation"/>
    <property name="java.version.date" value="2025-03-18"/>
    <property name="java.home" value="C:\Program Files\Java\jdk-24"/>
    <property name="file.separator" value="\"/>
    <property name="basedir" value="C:\Users\jeanl\git\Vaga-Certa\VagaCerta"/>
    <property name="java.vm.compressedOopsMode" value="Zero based"/>
    <property name="line.separator" value="&#10;"/>
    <property name="java.vm.specification.vendor" value="Oracle Corporation"/>
    <property name="java.specification.name" value="Java Platform API Specification"/>
    <property name="surefire.real.class.path" value="C:\Users\jeanl\AppData\Local\Temp\surefire10344975719660274469\surefirebooter-20250612235636782_3.jar"/>
    <property name="user.script" value=""/>
    <property name="sun.management.compiler" value="HotSpot 64-Bit Tiered Compilers"/>
    <property name="java.runtime.version" value="24+36-3646"/>
    <property name="user.name" value="jeanl"/>
    <property name="stdout.encoding" value="Cp1252"/>
    <property name="path.separator" value=";"/>
    <property name="os.version" value="10.0"/>
    <property name="java.runtime.name" value="Java(TM) SE Runtime Environment"/>
    <property name="file.encoding" value="UTF-8"/>
    <property name="java.vm.name" value="Java HotSpot(TM) 64-Bit Server VM"/>
    <property name="localRepository" value="C:\Users\jeanl\.m2\repository"/>
    <property name="java.vendor.url.bug" value="https://bugreport.java.com/bugreport/"/>
    <property name="java.io.tmpdir" value="C:\Users\jeanl\AppData\Local\Temp\"/>
    <property name="java.version" value="24"/>
    <property name="user.dir" value="C:\Users\jeanl\git\Vaga-Certa\VagaCerta"/>
    <property name="os.arch" value="amd64"/>
    <property name="java.vm.specification.name" value="Java Virtual Machine Specification"/>
    <property name="sun.os.patch.level" value=""/>
    <property name="native.encoding" value="Cp1252"/>
    <property name="java.library.path" value="C:\Program Files\Java\jdk-24\bin;C:\WINDOWS\Sun\Java\bin;C:\WINDOWS\system32;C:\WINDOWS;C:\Program Files\Common Files\Oracle\Java\javapath;C:\Windows\System32\WindowsPowerShell\v1.0;C:\WINDOWS\system32;C:\WINDOWS;C:\WINDOWS\System32\Wbem;C:\WINDOWS\System32\WindowsPowerShell\v1.0\;C:\WINDOWS\System32\OpenSSH\\;C:\Program Files\dotnet\;C:\Users\jeanl\AppData\Local\Microsoft\WindowsApps;C:\Users\jeanl\AppData\Local\Programs\Microsoft VS Code\bin;C:\Users\jeanl\.dotnet\tools;C:\Program Files\Git\cmd;C:\Strawberry\c\bin;C:\Strawberry\perl\site\bin;C:\Strawberry\perl\bin;C:\Program Files\PuTTY\;C:\Users\jeanl\AppData\Local\Programs\Python\Python313;C:\Users\jeanl\AppData\Local\Programs\Python\Python313\Scripts;C:\ProgramData\chocolatey\bin;C:\msys64\mingw64\bin;C:\msys64\usr\bin\;C:\Program Files\NVIDIA Corporation\NVIDIA App\NvDLISR;C:\Program Files (x86)\NVIDIA Corporation\PhysX\Common;C:\ProgramData\chocolatey\lib\mpvio.install\tools;C:\Users\jeanl\AppData\Local\nvm;C:\nvm4w\nodejs;c:\Users\jeanl\AppData\Local\Programs\cursor\resources\app\bin;C:\apache-maven-3.9.9\bin;C:\Users\jeanl\AppData\Local\Programs\Python\Python313;C:\Users\jeanl\AppData\Local\Programs\Python\Python313\Scripts\;C:\Users\jeanl\AppData\Local\Programs\Python\Python313\;C:\Program Files\MySQL\MySQL Shell 8.0\bin\;C:\Users\jeanl\AppData\Local\Microsoft\WindowsApps;C:\Users\jeanl\AppData\Local\Programs\Microsoft VS Code\bin;C:\Users\jeanl\.dotnet\tools;C:\Users\jeanl\AppData\Local\Microsoft\WinGet\Links;C:\Users\jeanl\AppData\Local\Pandoc\;C:\texlive\2025\bin\windows;C:\Users\jeanl\AppData\Local\nvm;C:\nvm4w\nodejs;C:\Users\jeanl\AppData\Local\Programs\cursor\resources\app\bin;."/>
    <property name="java.vm.info" value="mixed mode, sharing"/>
    <property name="stderr.encoding" value="Cp1252"/>
    <property name="java.vendor" value="Oracle Corporation"/>
    <property name="java.vm.version" value="24+36-3646"/>
    <property name="sun.io.unicode.encoding" value="UnicodeLittle"/>
    <property name="java.class.version" value="68.0"/>
  </properties>
  <testcase name="shouldAnswerWithTrue" classname="VagaCerta.VagaCerta.AppTest" time="0.029"/>
</testsuite>